Removed world/datapacks/map/data/game/functions/signs.txt: not used
Removed world/datapacks/map/data/game/functions/STATS: not used
Removed world/DIM-1/data/raids.dat: not used
Removed world/entities/r.-3.-3.mca: 0 size
Removed world/entities/r.1.-1.mca: 0 size
Removed world/entities/r.1.0.mca: 0 size
Removed world/entities/r.1.2.mca: 0 size
Removed world/entities/r.2.0.mca: 0 size
Removed world/entities/r.2.1.mca: 0 size
Removed world/entities/r.2.2.mca: 0 size
Removed world/gc-logs/gc-20210926_0449.log: not used
Removed world/gc-logs/gc-20210926_2156.log: not used
Removed world/gc-logs/gc-20210926_2356.log: not used
Removed world/playerdata/3184a2a5-8544-4135-89ec-e63fd7a3f12f.dat_old: not used
Removed world/playerdata/83e678a3-99e4-4615-8036-2ceae98da147.dat_old: not used
Removed world/playerdata/a648628b-c8fb-4041-9429-604da9f6cb21.dat_old: not used
Removed world/poi/r.1.-3.mca: 0 size
Removed world/poi/r.1.0.mca: 0 size
Removed world/poi/r.1.1.mca: 0 size
Removed world/poi/r.2.-2.mca: 0 size
Removed world/poi/r.2.0.mca: 0 size
Removed world/poi/r.2.1.mca: 0 size
Validated 1494 files, 1472 accepted, 22 rejected.
